4000000 1100361776.087099
8000000 1377157069.567002
12000000 1369755014.287658
16000000 1530069858.641131
20000000 1450814251.124178
24000000 1453684578.393288
28000000 1556967638.441448
32000000 1388669949.923437
36000000 1494629487.750557
40000000 1448034385.734753
44000000 1133094552.777641
48000000 944282018.329691
52000000 1272937323.084645
56000000 1337119149.275313
60000000 1601388736.875597
64000000 994522166.319643
68000000 929179810.458347
72000000 416167530.955219
76000000 883944284.688272
80000000 406916200.886972
84000000 799359136.027952
88000000 584579392.833612
92000000 795468019.534399
96000000 800743730.225177
100000000 1072646180.285609
104000000 1599476442.785431
108000000 1266477570.294655
112000000 1208814010.817932
116000000 1622376194.175923
120000000 1630021730.752415
124000000 1554383756.029624
128000000 832060009.515972
132000000 603989439.831037
136000000 1561577013.206018
140000000 1618672429.762272
144000000 1530841600.746184
148000000 1489418808.094477
152000000 1032477502.105331
156000000 717246977.267296
160000000 830030314.986438
164000000 1202646786.488566
168000000 1503020515.423896
172000000 1473395859.330802
176000000 1220290252.191967
180000000 1476278480.418612
184000000 1615419099.470215
188000000 1647178701.314979
192000000 1653311149.753535
196000000 1649994950.163979
200000000 934893009.985735
204000000 842771424.659720
208000000 1067635605.343959
212000000 832924250.272820
216000000 701297415.795047
220000000 1331640372.903859
224000000 988198816.926533
228000000 959473330.831730
232000000 905708320.302611
236000000 1004751180.247164
240000000 965788786.432963
244000000 716356248.245701
248000000 971542112.499253
252000000 922473505.708705
256000000 636606453.563689
260000000 843082698.745255
264000000 1179327202.898643
268000000 1365633565.176190
272000000 1656347410.983267
276000000 1609329750.334690
280000000 1410876483.972734
284000000 1656455971.576174
288000000 1651084109.696890
292000000 1652820612.201382
296000000 1653480239.036078
300000000 1652717092.206313
304000000 1654001906.864583
308000000 1652851550.565133
312000000 1656237230.388372
316000000 1657792416.982177
320000000 1650728069.247628
324000000 1656768590.809564
328000000 1638025451.497371
332000000 1425783872.004849
336000000 1516034694.977447
340000000 1651830612.644398
344000000 1652450634.024775
348000000 1234827351.312390
352000000 1327325711.943095
356000000 1654414799.155271
360000000 1657692984.979262
364000000 1660575699.698498
368000000 1649818153.832999
372000000 1656764420.810309
376000000 1654903300.344925
380000000 1657274323.842362
384000000 1657051607.294426
388000000 1658797626.255522
392000000 1639633581.148125
396000000 1554917658.689294
