4000000 1040705663.420383
8000000 1347567550.200803
12000000 1443201376.344086
16000000 1524543129.103342
20000000 1554107860.755507
24000000 1580345950.358730
28000000 1579159488.496551
32000000 1588488271.356546
36000000 1593042538.825118
40000000 1632390126.195549
44000000 1627362138.901626
48000000 1595512802.833979
52000000 1612001537.324464
56000000 1611633130.004597
60000000 1627675988.927121
64000000 1633206514.927507
68000000 1631203513.909224
72000000 1629427188.604419
76000000 1646728437.409596
80000000 1647069634.109227
84000000 1644802061.595776
88000000 1647526924.725039
92000000 1634409741.841208
96000000 1641452342.613013
100000000 1641387838.800316
104000000 1648604704.601802
108000000 1639995626.531890
112000000 1640327980.361963
116000000 1645258939.138786
120000000 1646008502.845183
124000000 1653195642.707065
128000000 1653263631.156577
132000000 1648483497.244330
136000000 1641313406.724943
140000000 1645982357.343679
144000000 1639640939.187373
148000000 1644899192.597441
152000000 1650274922.344171
156000000 1652205614.320380
160000000 1649806867.796877
164000000 1654020693.718064
168000000 1650121355.892512
172000000 1653503541.157649
176000000 1644330479.913573
180000000 1644706851.141421
184000000 1650562667.755989
188000000 1650460902.162788
192000000 1654034448.337763
196000000 1654078405.807599
200000000 1629362131.924481
204000000 1652822317.904973
208000000 1656200547.880712
212000000 1655330907.032982
216000000 1654044262.684169
220000000 1651563831.748435
224000000 1651443013.054766
228000000 1650106916.014280
232000000 1645264502.690036
236000000 1653049141.124171
240000000 1655055613.374832
244000000 1653274815.030209
248000000 1655136988.829838
252000000 1657653468.250247
256000000 1659529013.192873
260000000 1658447884.128148
264000000 1652419551.533638
268000000 1655608111.949498
272000000 1652546990.768571
276000000 1653787224.315915
280000000 1649380529.979158
284000000 1635525053.616689
288000000 1653860074.371430
292000000 1655732116.615632
296000000 1659159195.968349
300000000 1659491532.353255
304000000 1659260147.620684
308000000 1654559910.038564
312000000 1653980616.686636
316000000 1653496824.996819
320000000 1656358713.492728
324000000 1658046119.383318
328000000 1655435800.245235
332000000 1657715174.811938
336000000 1658073429.856204
340000000 1659762964.721711
344000000 1660557995.325064
348000000 1659582553.447435
352000000 1655641364.708838
356000000 1654418465.302215
360000000 1657834948.770087
364000000 1656976616.926762
368000000 1653173766.495548
372000000 1658615420.431098
376000000 1657827667.984190
380000000 1657029660.149107
384000000 1659216154.823237
388000000 1657442703.092473
392000000 1653763960.261397
396000000 1655151354.260090
