4000000 1592219417.291449
8000000 2844801356.506995
12000000 3252659170.221016
16000000 3613053946.376656
20000000 3702762304.127124
24000000 3732278966.297134
28000000 3696236175.369024
32000000 3430222040.482519
36000000 3498492678.405931
40000000 3608934778.867665
44000000 3643476585.327332
48000000 3661948270.217178
52000000 3754261261.726482
56000000 3835606316.442674
60000000 3861921306.242711
64000000 3888678197.884977
68000000 3880655709.154240
72000000 3959484567.982169
76000000 3784933554.975065
80000000 3789363177.449774
84000000 3814035572.395129
88000000 3805416390.873568
92000000 3842008522.840416
96000000 3884514007.872193
100000000 3905492806.927697
104000000 3904926423.590285
108000000 3932911076.768133
112000000 3952795267.706133
116000000 3823160779.814712
120000000 3865242980.893285
124000000 3840427214.862730
128000000 3849226829.180857
132000000 3887841915.663074
136000000 3907772339.900803
140000000 3899035603.776842
144000000 3940651899.601355
148000000 3940913888.112954
152000000 3965702143.541384
156000000 3966004509.637532
160000000 3876772132.520724
164000000 3892757696.486780
168000000 3897254345.842206
172000000 3916632941.355310
176000000 3926310967.858605
180000000 3946383423.589186
184000000 3941109155.810664
188000000 3966963244.689950
192000000 3935061339.170971
196000000 3982133489.631521
200000000 3974287446.937538
204000000 3919102329.096530
208000000 3911912795.103468
212000000 3934270959.064120
216000000 3939032791.589492
220000000 3943211073.078386
224000000 3946717927.175575
228000000 3964337641.879399
232000000 3974247192.112593
236000000 3857763200.149656
240000000 3986791502.305024
244000000 3988006390.722541
248000000 3912508715.047657
252000000 3955306192.862248
256000000 3947260971.539067
260000000 3950397351.233278
264000000 3972206499.474460
268000000 3976909506.456748
272000000 3977001791.802330
276000000 3977187053.152710
280000000 3989974553.151299
284000000 3998785897.960965
288000000 4007961617.837354
292000000 3951758081.065558
296000000 3955113185.367361
300000000 3947382092.193019
304000000 3965924169.377865
308000000 3967999213.677104
312000000 3979367156.045881
316000000 3986201571.743505
320000000 3988130134.930752
324000000 4001974538.461765
328000000 3999766572.758487
332000000 3958870451.237264
336000000 3955746580.475660
340000000 3959879154.078550
344000000 3964893422.441083
348000000 3973976683.528726
352000000 3988262647.054851
356000000 3739071985.736572
360000000 3985949558.891077
364000000 3992966350.554721
368000000 4011257668.408729
372000000 4001941843.793363
376000000 3957307584.600946
380000000 3974008003.690175
384000000 3975869325.124600
388000000 3980320726.705295
392000000 3977480575.466472
396000000 3987134121.984944
