4000000 31452817.631499
8000000 1912587323.301414
12000000 2367656788.032741
16000000 2605562354.402858
20000000 2971206743.881274
24000000 3094761152.273496
28000000 3195747149.582302
32000000 3321809875.015469
36000000 3449735983.550377
40000000 3464005120.475708
44000000 3371134297.822592
48000000 3334491478.543154
52000000 3392394201.455858
56000000 3440472008.202724
60000000 3488325132.029441
64000000 3546698940.358851
68000000 3606771526.486842
72000000 3464100485.219726
76000000 3683167573.688285
80000000 3693428876.487358
84000000 3694182107.956213
88000000 3549572549.623019
92000000 3576734189.182926
96000000 3620753945.345167
100000000 3669332586.805707
104000000 3707104871.332903
108000000 3679483003.143505
112000000 3726377459.068410
116000000 3763278808.223628
120000000 3600054932.478828
124000000 3808229389.841181
128000000 3862408448.981647
132000000 3751003577.235772
136000000 3759104708.557119
140000000 3806675656.052277
144000000 3807787160.266554
148000000 3032876311.829428
152000000 591398062.359232
156000000 1906779612.414396
160000000 1133633974.120747
164000000 1997861917.333961
168000000 2029326590.444374
172000000 865190768.359902
176000000 1810075115.183644
180000000 3821534536.693022
184000000 2359953323.955721
188000000 2048563985.056557
192000000 2586232884.367112
196000000 3329014898.054223
200000000 3102295857.988166
204000000 3342009631.871888
208000000 2187403423.963735
212000000 3502191637.520875
216000000 2801927592.797630
220000000 2035908180.285767
224000000 2844904726.145200
228000000 2098288572.977029
232000000 3335281995.386508
236000000 2573968816.633902
240000000 3065852949.865534
244000000 2613707336.134132
248000000 3169892035.862086
252000000 2679054284.982853
256000000 3933422805.417266
260000000 2683991188.885197
264000000 1922392670.820609
268000000 3169779291.752909
272000000 3446074971.757215
276000000 3468672743.289646
280000000 3065419483.495774
284000000 1842574965.544018
288000000 2650871112.437566
292000000 3482234704.728327
296000000 1721988335.272831
300000000 3921168474.619582
304000000 1978961149.256882
308000000 1812930930.585358
312000000 3485060647.944713
316000000 2047538078.892160
320000000 3153989975.302492
324000000 596565396.116883
328000000 1478276818.334207
332000000 1830471105.689475
336000000 3408972179.823659
340000000 1207688006.903671
344000000 1837945573.985165
348000000 1981259694.426044
352000000 3866649402.348701
356000000 3514785403.906540
360000000 2367523142.921653
364000000 3844013032.202835
368000000 2368732308.598929
372000000 1873945900.761214
376000000 3023217343.462750
380000000 2043984205.578832
384000000 3428849145.455629
388000000 3476697505.794888
392000000 3850679931.893925
396000000 3731654258.856516
