4000000 501546022.540432
8000000 634791274.901152
12000000 737060465.388727
16000000 745165547.030280
20000000 752462998.510970
24000000 742436818.232105
28000000 735962700.690589
32000000 731172761.692044
36000000 722664394.903849
40000000 727379049.914807
44000000 724345127.776404
48000000 704959598.859888
52000000 714885846.425142
56000000 730783186.584114
60000000 721902904.154858
64000000 730927878.056816
68000000 730539048.292326
72000000 63955217.988706
76000000 717738628.815632
80000000 716696327.496572
84000000 717585443.050865
88000000 718381664.175386
92000000 719352836.671197
96000000 719299702.564377
100000000 717035102.085474
104000000 88678306.863463
108000000 719664386.858774
112000000 720528196.892797
116000000 707418739.195105
120000000 711159138.724477
124000000 710130225.343805
128000000 106349631.321772
132000000 720270452.614721
136000000 718130405.881760
140000000 721292227.717056
144000000 719332684.641852
148000000 119538710.367563
152000000 721148490.929287
156000000 711943228.333605
160000000 712155061.628826
164000000 129845764.116732
168000000 719733729.097998
172000000 717030626.504539
176000000 720134373.509267
180000000 141220983.260170
184000000 703302333.126163
188000000 700983342.371254
192000000 700399178.279013
196000000 150231855.088879
200000000 697080253.151093
204000000 707254588.767418
208000000 157175876.266335
212000000 700467019.791591
216000000 697348726.834123
220000000 701245778.451942
224000000 166664200.206201
228000000 702369980.940629
232000000 666508120.400147
236000000 177548109.366203
240000000 694216222.031575
244000000 178302035.138776
248000000 798594873.637451
252000000 916086134.047737
256000000 914110676.553468
260000000 198744032.543517
264000000 931376079.375413
268000000 932488953.963441
272000000 207127025.971065
276000000 1029906152.330978
280000000 1034532225.045014
284000000 1031516032.379969
288000000 218164963.881472
292000000 1010966822.430292
296000000 1018331385.825544
300000000 225899952.712021
304000000 1031267498.052829
308000000 1027851281.108748
312000000 233436709.181398
316000000 1029842480.883734
320000000 1030219579.722860
324000000 240201899.373068
328000000 1025159084.896894
332000000 1026514442.246862
336000000 246910460.482988
340000000 1024919206.750655
344000000 1022003174.722353
348000000 254117041.442370
352000000 1024436976.166009
356000000 1027810475.161244
360000000 261518444.249155
364000000 1024601314.435774
368000000 1028319091.910244
372000000 266571997.351162
376000000 1027193438.710669
380000000 270047920.662102
384000000 1028626932.492181
388000000 1029406618.124728
392000000 276944269.116644
396000000 1026680610.045488
