1 2349.092131
2 3112.511665
3 3193.125964
4 3274.321876
5 3091.377716
6 3162.926412
7 3127.618530
8 3211.065660
9 3221.191113
10 3249.351862
11 3239.754512
12 3269.217586
13 3279.805832
14 3287.302123
15 3242.851399
16 3248.290226
17 3265.096071
18 3262.057736
19 3274.628808
20 3291.570279
21 3279.560419
22 3305.130106
23 3314.231452
24 3301.504864
25 3309.663929
26 3274.844245
27 3293.225630
28 3296.494809
29 3290.506751
30 3295.972863
31 3296.395192
32 3303.241659
33 3317.065754
34 3314.460866
35 3326.578007
36 3321.353200
37 3302.478584
38 3297.238268
39 3311.384801
40 3303.796600
41 3312.709251
42 3293.532628
43 3315.137298
44 3318.405272
45 3322.286778
46 3325.449095
47 3326.186909
48 3296.322286
49 3316.651910
50 3313.023250
51 3304.049041
52 3313.722163
53 3319.895265
54 3320.966646
55 3327.396274
56 3323.155187
57 3326.728282
58 3328.027142
59 3309.303654
60 3317.868341
61 3318.025661
62 3323.144381
63 3313.197305
64 3323.465233
65 3320.678253
66 3325.019274
67 3330.129247
68 3328.472781
69 3307.064206
70 3320.530197
71 3315.327734
72 3319.162905
73 3318.125650
74 3325.259728
75 3321.357218
76 3326.437540
77 3326.776754
78 3311.196278
79 3330.791129
80 3321.329000
81 3321.579492
82 3319.111077
83 3324.060862
84 3322.111349
85 3319.039197
86 3327.081762
87 3323.332928
88 3334.330823
89 3333.345739
90 3331.471412
91 3315.694941
92 3322.160210
93 3325.485227
94 3326.485086
95 3322.165592
96 3324.902584
97 3331.951226
98 3333.347866
99 3332.011419
