4000000 181273403.059901
8000000 292375131.791051
12000000 305108709.225705
16000000 301066216.846714
20000000 295290340.749085
24000000 296019761.451055
28000000 306329260.785643
32000000 296918884.599644
36000000 301227781.712268
40000000 298852415.797986
44000000 298944297.847043
48000000 72538412.537363
52000000 91396059.017105
56000000 298159391.700623
60000000 301771284.881232
64000000 301322721.828531
68000000 273384421.614430
72000000 65592268.714894
76000000 300627822.449068
80000000 297624304.932815
84000000 300304322.737094
88000000 72554401.635477
92000000 299039177.424430
96000000 300937509.529176
100000000 162866238.031519
104000000 109651809.047298
108000000 300994199.189083
112000000 191701662.323989
116000000 105486815.212204
120000000 300999419.310816
124000000 92732358.083539
128000000 300313425.839430
132000000 299347574.176163
136000000 99933312.544017
140000000 299497334.271129
144000000 102505890.637148
148000000 302299246.342257
152000000 104735139.127622
156000000 302398637.912723
160000000 109816303.717994
164000000 301704284.422268
168000000 113925382.304133
172000000 299158939.993655
176000000 117174653.363759
180000000 301226700.032797
184000000 120545518.217127
188000000 301783827.434255
192000000 123592178.808675
196000000 121932053.374705
200000000 300872711.517410
204000000 128917548.415384
208000000 261270846.647712
212000000 139485806.900559
216000000 132307134.572545
220000000 274163417.696621
224000000 140608420.903918
228000000 136355670.081043
232000000 141717785.035111
236000000 276573041.151404
240000000 138089310.377183
244000000 139828012.980895
248000000 144308184.531923
252000000 290715284.764744
256000000 147993479.002753
260000000 145231978.231432
264000000 147143392.139064
268000000 173597978.611471
272000000 232034627.921100
276000000 150837187.975793
280000000 150035939.992018
284000000 152174333.665315
288000000 152963178.579981
292000000 152252726.717606
296000000 156444716.852743
300000000 155674988.732259
304000000 194386808.993879
308000000 207227660.691209
312000000 176243127.769323
316000000 160997409.392195
320000000 162776152.926309
324000000 162719557.043137
328000000 164124512.719983
332000000 164992493.689448
336000000 165827399.431806
340000000 177640353.311712
344000000 167505709.058149
348000000 168657592.977200
352000000 169546989.445538
356000000 143639179.979335
360000000 146958922.924374
364000000 160704262.899037
368000000 172493224.559129
372000000 175102142.808004
376000000 174215867.462971
380000000 174080583.817747
384000000 174105350.956902
388000000 137168751.056229
392000000 160051566.408709
396000000 176264625.253740
