4000000 212095977.345706
8000000 216636743.969836
12000000 199390905.093354
16000000 187407813.678126
20000000 187878125.475932
24000000 180361384.648463
28000000 187228698.922451
32000000 193038484.661077
36000000 244061815.977694
40000000 256024221.041419
44000000 186504502.701823
48000000 194065065.383481
52000000 138559896.726715
56000000 48023422.766209
60000000 322017440.707353
64000000 239611402.353844
68000000 224877392.862747
72000000 90655475.443851
76000000 124659518.470519
80000000 325380096.544154
84000000 324565953.887368
88000000 231608231.250086
92000000 61750133.701606
96000000 141192199.056809
100000000 316916955.490525
104000000 316709600.083060
108000000 95809177.261373
112000000 299916586.063159
116000000 299757418.782461
120000000 116730150.668109
124000000 227701507.331324
128000000 255002195.351099
132000000 109660132.262074
136000000 279017506.788032
140000000 111627191.139820
144000000 241360204.603581
148000000 302750987.617953
152000000 119592721.499160
156000000 316455405.377955
160000000 110480559.883008
164000000 259702460.367830
168000000 113369890.501613
172000000 242771667.788397
176000000 113184697.904543
180000000 309413586.293216
184000000 177476987.495809
188000000 124630945.928923
192000000 95542867.122314
196000000 124465674.736733
200000000 303204744.513939
204000000 154042253.158527
208000000 309353061.988676
212000000 163610465.417952
216000000 311254481.390069
220000000 175951103.066031
224000000 304222347.642588
228000000 158091470.412320
232000000 310535503.821544
236000000 164857150.280365
240000000 149332352.256156
244000000 324938951.836233
248000000 170252853.922197
252000000 324106150.925067
256000000 154399387.775703
260000000 153619134.594918
264000000 138640303.259316
268000000 208276614.770145
272000000 217750140.143703
276000000 180123236.426588
280000000 188195754.781231
284000000 125496227.998590
288000000 128461483.128976
292000000 159236370.695095
296000000 171588686.579760
300000000 283152308.563690
304000000 170783111.193261
308000000 178804663.151693
312000000 184051697.849378
316000000 147656865.247353
320000000 171062569.915139
324000000 188580871.847305
328000000 288999535.115775
332000000 171601541.434082
336000000 172321130.118833
340000000 173876895.993925
344000000 175119842.420848
348000000 183265671.591568
352000000 169106099.660687
356000000 178766179.615942
360000000 184843595.658846
364000000 163743880.598936
368000000 219424963.319090
372000000 336241098.327631
376000000 335248017.815743
380000000 337365954.103335
384000000 179347110.414188
388000000 189282650.150256
392000000 193376626.318494
396000000 194271294.384904
