1000000000 141.296639
2000000000 143.647783
3000000000 110.193442
4000000000 106.494467
5000000000 109.313812
6000000000 112.316579
7000000000 118.232280
8000000000 122.909252
9000000000 132.285861
10000000000 129.156332
11000000000 134.469868
12000000000 146.721547
1000000000 142.015375
1000000000 70.437801
999999999 40.163696
1000000000 29.489901
1000000000 21.229835
999999996 21.163730
999999994 18.192729
1000000000 15.937690
999999999 15.441424
1000000000 14.870747
999999990 12.047295
999999996 14.457356
