1000000000 107.026565
2000000000 130.432487
3000000000 107.046981
4000000000 101.983863
5000000000 107.570368
6000000000 107.692459
7000000000 107.729188
8000000000 127.397190
9000000000 127.913179
10000000000 130.996146
11000000000 140.295702
12000000000 142.845906
1000000000 117.268789
1000000000 70.761338
999999999 38.691389
1000000000 29.306827
1000000000 23.391551
999999996 19.829665
999999994 18.218140
1000000000 15.785411
999999999 14.718031
1000000000 13.509870
999999990 12.852292
999999996 11.957664
