10000000000 1403.332811
20000000000 1406.109509
30000000000 1123.753514
40000000000 1131.834238
50000000000 1125.384912
60000000000 1117.237048
70000000000 1223.632112
80000000000 1256.633840
90000000000 1212.623486
100000000000 1282.156243
110000000000 1295.977590
120000000000 1313.590274
10000000000 1035.959793
10000000000 552.603512
9999999999 367.804195
10000000000 293.789911
10000000000 243.262075
9999999996 217.788371
9999999996 189.394371
10000000000 168.585622
9999999999 145.514688
10000000000 162.582054
9999999999 145.431260
9999999996 131.520951
