1000000000 103.768012
2000000000 125.956798
3000000000 103.803313
4000000000 103.871957
5000000000 103.804904
6000000000 104.310028
7000000000 104.121180
8000000000 122.429168
9000000000 122.806510
10000000000 125.207913
11000000000 125.876897
12000000000 128.504106
1000000000 103.643276
1000000000 63.163749
999999999 35.741039
1000000000 29.188566
1000000000 21.472988
999999996 18.006360
999999994 15.335863
1000000000 15.753598
999999999 14.070486
1000000000 12.713833
999999990 11.530672
999999996 11.471523
