10000000000 1407.802422
20000000000 1403.027061
30000000000 1099.505742
40000000000 1043.281728
50000000000 1141.452650
60000000000 1268.528261
70000000000 1150.372750
80000000000 1206.820738
90000000000 1212.677815
100000000000 1342.434899
110000000000 1307.267065
120000000000 1408.368787
10000000000 1421.025243
10000000000 701.211574
9999999999 378.917376
10000000000 284.604374
10000000000 227.623029
9999999996 190.270267
9999999996 170.154558
10000000000 150.244657
9999999999 138.760147
10000000000 144.214897
9999999999 130.442118
9999999996 132.030990
