1000000000 107.104886
2000000000 112.251960
3000000000 112.699300
4000000000 108.847237
5000000000 112.566996
6000000000 109.169443
7000000000 125.508617
8000000000 123.551122
9000000000 125.558714
10000000000 128.866177
11000000000 130.887310
12000000000 129.177496
1000000000 86.793061
1000000000 51.980547
999999999 36.040632
1000000000 27.460517
1000000000 21.843743
999999996 18.565175
999999994 16.797298
1000000000 15.541279
999999999 14.304038
1000000000 13.040357
999999990 11.848916
999999996 18.214761
