10000000000 1047.846675
20000000000 1270.057230
30000000000 1104.898190
40000000000 1105.597797
50000000000 1115.667793
60000000000 1123.232908
70000000000 1096.177320
80000000000 1296.368183
90000000000 1300.267320
100000000000 1298.206342
110000000000 1295.200851
120000000000 1288.068390
10000000000 1039.499970
10000000000 632.808140
9999999999 355.771080
10000000000 268.439110
10000000000 213.956559
9999999996 184.802930
9999999996 152.936843
10000000000 158.722032
9999999999 140.667822
10000000000 125.105819
9999999999 114.982019
9999999996 107.065914
