10000000000 1219.865963
20000000000 1150.282531
30000000000 1137.733684
40000000000 1071.252005
50000000000 1144.207163
60000000000 1155.269295
70000000000 1239.976637
80000000000 1211.353884
90000000000 1236.783921
100000000000 1213.392716
110000000000 1267.075760
120000000000 1469.497142
10000000000 1210.959612
10000000000 605.453160
9999999999 396.691635
10000000000 291.043237
10000000000 246.719594
9999999996 204.393402
9999999996 181.917209
10000000000 157.366868
9999999999 141.049480
10000000000 127.301718
9999999999 119.222767
9999999996 111.132157
