1000000000 106.614169
2000000000 123.584847
3000000000 107.742331
4000000000 110.260123
5000000000 112.640645
6000000000 115.747449
7000000000 119.500253
8000000000 127.693535
9000000000 124.800904
10000000000 136.779387
11000000000 141.367309
12000000000 143.094823
1000000000 107.405746
1000000000 63.894776
999999999 35.822307
1000000000 27.284732
1000000000 21.781860
999999996 19.721229
999999994 17.198155
1000000000 15.686731
999999999 14.769141
1000000000 13.170196
999999990 13.103917
999999996 13.375226
