10000000000 1081.662538
20000000000 1311.222713
30000000000 1084.170340
40000000000 1084.704548
50000000000 1090.452617
60000000000 1090.347539
70000000000 1125.043073
80000000000 1200.183486
90000000000 1279.241812
100000000000 1303.138347
110000000000 1339.977467
120000000000 1366.968107
10000000000 968.611507
10000000000 599.002747
9999999999 357.730397
10000000000 268.056886
10000000000 217.662636
9999999996 189.859634
9999999996 174.631031
10000000000 161.991353
9999999999 142.218829
10000000000 134.315124
9999999999 123.962656
9999999996 118.412593
